<?xml version="1.0" encoding="UTF-8" ?>
<testsuite tests="7" failures="0" name="BuddyInfoTest" time="0.683" errors="0" skipped="0">
  <properties>
[...]
</properties>
  <testcase classname="BuddyInfoTest" name="persistBuddyInfo" time="0.682"/>
  <testcase classname="BuddyInfoTest" name="getAge" time="0"/>
  <testcase classname="BuddyInfoTest" name="setAge" time="0"/>
  <testcase classname="BuddyInfoTest" name="getName" time="0"/>
  <testcase classname="BuddyInfoTest" name="setEmail" time="0"/>
  <testcase classname="BuddyInfoTest" name="getEmail" time="0.001"/>
  <testcase classname="BuddyInfoTest" name="setName" time="0"/>
</testsuite>